Determining if the pthread_create exist failed with the following output:
Change Dir: /home/cc/ee106a/fl21/class/ee106a-aes/Desktop/eecs106a_final_project/baxter_search/build/CMakeFiles/CMakeTmp

Run Build Command:"/usr/bin/make" "cmTC_5efda/fast"
/usr/bin/make -f CMakeFiles/cmTC_5efda.dir/build.make CMakeFiles/cmTC_5efda.dir/build
make[1]: Entering directory '/home/cc/ee106a/fl21/class/ee106a-aes/Desktop/eecs106a_final_project/baxter_search/build/CMakeFiles/CMakeTmp'
Building C object CMakeFiles/cmTC_5efda.dir/CheckSymbolExists.c.o
/usr/bin/cc     -o CMakeFiles/cmTC_5efda.dir/CheckSymbolExists.c.o   -c /home/cc/ee106a/fl21/class/ee106a-aes/Desktop/eecs106a_final_project/baxter_search/build/CMakeFiles/CMakeTmp/CheckSymbolExists.c
Linking C executable cmTC_5efda
/usr/bin/cmake -E cmake_link_script CMakeFiles/cmTC_5efda.dir/link.txt --verbose=1
/usr/bin/cc       CMakeFiles/cmTC_5efda.dir/CheckSymbolExists.c.o  -o cmTC_5efda -rdynamic 
CMakeFiles/cmTC_5efda.dir/CheckSymbolExists.c.o: In function `main':
CheckSymbolExists.c:(.text+0x16): undefined reference to `pthread_create'
collect2: error: ld returned 1 exit status
CMakeFiles/cmTC_5efda.dir/build.make:97: recipe for target 'cmTC_5efda' failed
make[1]: *** [cmTC_5efda] Error 1
make[1]: Leaving directory '/home/cc/ee106a/fl21/class/ee106a-aes/Desktop/eecs106a_final_project/baxter_search/build/CMakeFiles/CMakeTmp'
Makefile:126: recipe for target 'cmTC_5efda/fast' failed
make: *** [cmTC_5efda/fast] Error 2

File /home/cc/ee106a/fl21/class/ee106a-aes/Desktop/eecs106a_final_project/baxter_search/build/CMakeFiles/CMakeTmp/CheckSymbolExists.c:
/* */
#include <pthread.h>

int main(int argc, char** argv)
{
  (void)argv;
#ifndef pthread_create
  return ((int*)(&pthread_create))[argc];
#else
  (void)argc;
  return 0;
#endif
}

Determining if the function pthread_create exists in the pthreads failed with the following output:
Change Dir: /home/cc/ee106a/fl21/class/ee106a-aes/Desktop/eecs106a_final_project/baxter_search/build/CMakeFiles/CMakeTmp

Run Build Command:"/usr/bin/make" "cmTC_36a82/fast"
/usr/bin/make -f CMakeFiles/cmTC_36a82.dir/build.make CMakeFiles/cmTC_36a82.dir/build
make[1]: Entering directory '/home/cc/ee106a/fl21/class/ee106a-aes/Desktop/eecs106a_final_project/baxter_search/build/CMakeFiles/CMakeTmp'
Building C object CMakeFiles/cmTC_36a82.dir/CheckFunctionExists.c.o
/usr/bin/cc    -DCHECK_FUNCTION_EXISTS=pthread_create   -o CMakeFiles/cmTC_36a82.dir/CheckFunctionExists.c.o   -c /usr/share/cmake-3.5/Modules/CheckFunctionExists.c
Linking C executable cmTC_36a82
/usr/bin/cmake -E cmake_link_script CMakeFiles/cmTC_36a82.dir/link.txt --verbose=1
/usr/bin/cc   -DCHECK_FUNCTION_EXISTS=pthread_create    CMakeFiles/cmTC_36a82.dir/CheckFunctionExists.c.o  -o cmTC_36a82 -rdynamic -lpthreads 
/usr/bin/ld: cannot find -lpthreads
collect2: error: ld returned 1 exit status
CMakeFiles/cmTC_36a82.dir/build.make:97: recipe for target 'cmTC_36a82' failed
make[1]: *** [cmTC_36a82] Error 1
make[1]: Leaving directory '/home/cc/ee106a/fl21/class/ee106a-aes/Desktop/eecs106a_final_project/baxter_search/build/CMakeFiles/CMakeTmp'
Makefile:126: recipe for target 'cmTC_36a82/fast' failed
make: *** [cmTC_36a82/fast] Error 2


